[11:21:43] [ServerMain/INFO]: [bootstrap] Running Java 21 (OpenJDK 64-Bit Server VM 21.0.4+7-LTS; Microsoft Microsoft-9889606) on Linux 6.5.0-1025-azure (amd64)
[11:21:43] [ServerMain/INFO]: [bootstrap] Loading Purpur 1.21-2284-ver/1.21@4e55e26 (2024-08-10T17:35:56Z) for Minecraft 1.21
[11:21:43] [ServerMain/INFO]: [PluginInitializerManager] Initializing plugins...
[11:21:44] [ServerMain/INFO]: [PluginInitializerManager] Initialized 21 plugins
[11:21:44] [ServerMain/INFO]: [PluginInitializerManager] Bukkit plugins (21):
 - ChatFormatter (1.2.0), CleanPing (1.6.1), DRC (1.1), DeluxeMenus (1.14.0-Release), GrimAC (2.3.67), HealOnKill (1.2), LPC (3.6.0), LuckPerms (5.4.131), NoDurability (1.0), PlaceholderAPI (2.11.6), PlayerKits2 (1.12.4), ServersNPC (4.8), Skript (2.9.4), Spawn (1.0), StatsSB (4.1-Lite), TAB (4.1.7), Vault (1.7.3-b131), ViaBackwards (5.0.3), ViaVersion (5.0.3), WorldEdit (7.3.9+6959-7adf70b), WorldGuard (7.0.11-beta1+a801a9d)
[11:21:48] [ServerMain/INFO]: Environment: Environment[sessionHost=https://sessionserver.mojang.com, servicesHost=https://api.minecraftservices.com, name=PROD]
[11:21:50] [ServerMain/INFO]: Loaded 1290 recipes
[11:21:50] [ServerMain/INFO]: Loaded 1399 advancements
[11:21:50] [Server thread/INFO]: Starting minecraft server version 1.21
[11:21:50] [Server thread/INFO]: Loading properties
[11:21:50] [Server thread/INFO]: This server is running Purpur version 1.21-2284-ver/1.21@4e55e26 (2024-08-10T17:35:56Z) (Implementing API version 1.21-R0.1-SNAPSHOT)
[11:21:51] [Server thread/INFO]: [spark] This server bundles the spark profiler. For more information please visit https://docs.papermc.io/paper/profiling
[11:21:51] [Server thread/INFO]: Server Ping Player Sample Count: 12
[11:21:51] [Server thread/INFO]: Using 4 threads for Netty based IO
[11:21:52] [Server thread/INFO]: [ChunkTaskScheduler] Chunk system is using 1 I/O threads, 1 worker threads, and population gen parallelism of 1 threads
[11:21:52] [Server thread/INFO]: Default game type: ADVENTURE
[11:21:52] [Server thread/INFO]: Generating keypair
[11:21:52] [Server thread/INFO]: Starting Minecraft server on *:25565
[11:21:52] [Server thread/INFO]: Using default channel type
[11:21:52] [Server thread/INFO]: Paper: Using libdeflate (Linux x86_64) compression from Velocity.
[11:21:52] [Server thread/INFO]: Paper: Using OpenSSL 1.1.x (Linux x86_64) cipher from Velocity.
[11:21:54] [Server thread/WARN]: [org.bukkit.craftbukkit.legacy.CraftLegacy] Initializing Legacy Material Support. Unless you have legacy plugins and/or data this is a bug!
[11:21:54] [Server thread/WARN]: java.lang.Exception
[11:21:54] [Server thread/WARN]: 	at org.bukkit.craftbukkit.legacy.CraftLegacy.<clinit>(CraftLegacy.java:271)
[11:21:54] [Server thread/WARN]: 	at org.bukkit.craftbukkit.util.CraftMagicNumbers.checkSupported(CraftMagicNumbers.java:378)
[11:21:54] [Server thread/WARN]: 	at io.papermc.paper.plugin.provider.type.spigot.SpigotPluginProvider.createInstance(SpigotPluginProvider.java:121)
[11:21:54] [Server thread/WARN]: 	at io.papermc.paper.plugin.provider.type.spigot.SpigotPluginProvider.createInstance(SpigotPluginProvider.java:35)
[11:21:54] [Server thread/WARN]: 	at io.papermc.paper.plugin.entrypoint.strategy.modern.ModernPluginLoadingStrategy.loadProviders(ModernPluginLoadingStrategy.java:116)
[11:21:54] [Server thread/WARN]: 	at io.papermc.paper.plugin.storage.SimpleProviderStorage.enter(SimpleProviderStorage.java:38)
[11:21:54] [Server thread/WARN]: 	at io.papermc.paper.plugin.entrypoint.LaunchEntryPointHandler.enter(LaunchEntryPointHandler.java:40)
[11:21:54] [Server thread/WARN]: 	at org.bukkit.craftbukkit.CraftServer.loadPlugins(CraftServer.java:560)
[11:21:54] [Server thread/WARN]: 	at net.minecraft.server.dedicated.DedicatedServer.initServer(DedicatedServer.java:326)
[11:21:54] [Server thread/WARN]: 	at net.minecraft.server.MinecraftServer.runServer(MinecraftServer.java:1230)
[11:21:54] [Server thread/WARN]: 	at net.minecraft.server.MinecraftServer.lambda$spin$0(MinecraftServer.java:333)
[11:21:54] [Server thread/WARN]: 	at java.base/java.lang.Thread.run(Thread.java:1583)
[11:22:01] [Server thread/WARN]: Legacy plugin Spawn v1.0 does not specify an api-version.
[11:22:01] [Server thread/WARN]: Legacy plugin DRC v1.1 does not specify an api-version.
[11:22:01] [Server thread/WARN]: Legacy plugin HealOnKill v1.2 does not specify an api-version.
[11:22:01] [Server thread/INFO]: [ViaVersion] Loading server plugin ViaVersion v5.0.3
[11:22:01] [Server thread/INFO]: [ViaVersion] ViaVersion 5.0.3 is now loaded. Registering protocol transformers and injecting...
[11:22:02] [Via-Mappingloader-0/INFO]: [ViaVersion] Loading block connection mappings ...
[11:22:02] [Via-Mappingloader-0/INFO]: [ViaVersion] Using FastUtil Long2ObjectOpenHashMap for block connections
[11:22:03] [Server thread/INFO]: [ViaBackwards] Loading translations...
[11:22:03] [Server thread/INFO]: [ViaBackwards] Registering protocols...
[11:22:04] [Server thread/INFO]: [LuckPerms] Loading server plugin LuckPerms v5.4.131
[11:22:05] [Server thread/INFO]: [Vault] Loading server plugin Vault v1.7.3-b131
[11:22:05] [Server thread/INFO]: [WorldEdit] Loading server plugin WorldEdit v7.3.9+6959-7adf70b
[11:22:06] [Server thread/INFO]: Got request to register class com.sk89q.worldedit.bukkit.BukkitServerInterface with WorldEdit [com.sk89q.worldedit.extension.platform.PlatformManager@2fd0cb7a]
[11:22:06] [Server thread/INFO]: [PlaceholderAPI] Loading server plugin PlaceholderAPI v2.11.6
[11:22:06] [Server thread/INFO]: [ViaBackwards] Loading server plugin ViaBackwards v5.0.3
[11:22:06] [Server thread/INFO]: [WorldGuard] Loading server plugin WorldGuard v7.0.11-beta1+a801a9d
[11:22:06] [Server thread/INFO]: [ServersNPC] Loading server plugin ServersNPC v4.8
[11:22:06] [Server thread/INFO]: [ChatFormatter] Loading server plugin ChatFormatter v1.2.0
[11:22:06] [Server thread/INFO]: [GrimAC] Loading server plugin GrimAC v2.3.67
[11:22:06] [Server thread/INFO]: [GrimAC] Loading PacketEvents...
[11:22:09] [Server thread/INFO]: [started] Loading server plugin NoDurability v1.0
[11:22:09] [Server thread/INFO]: [TAB] Loading server plugin TAB v4.1.7
[11:22:09] [Server thread/INFO]: [CleanPing] Loading server plugin CleanPing v1.6.1
[11:22:09] [Server thread/INFO]: [Spawn] Loading server plugin Spawn v1.0
[11:22:09] [Server thread/INFO]: [Skript] Loading server plugin Skript v2.9.4
[11:22:09] [Server thread/INFO]: [DRC] Loading server plugin DRC v1.1
[11:22:09] [Server thread/INFO]: [LPC] Loading server plugin LPC v3.6.0
[11:22:09] [Server thread/INFO]: [HealOnKill] Loading server plugin HealOnKill v1.2
[11:22:09] [Server thread/INFO]: [DeluxeMenus] Loading server plugin DeluxeMenus v1.14.0-Release
[11:22:09] [Server thread/WARN]: [DeluxeMenus] Could not setup a NMS hook for your server version!
[11:22:09] [Server thread/INFO]: [PlayerKits2] Loading server plugin PlayerKits2 v1.12.4
[11:22:09] [Server thread/INFO]: [StatsSB] Loading server plugin StatsSB v4.1-Lite
[11:22:09] [Server thread/INFO]: Server permissions file permissions.yml is empty, ignoring it
[11:22:09] [Server thread/INFO]: [LuckPerms] Enabling LuckPerms v5.4.131
[11:22:09] [Server thread/INFO]:         __    
[11:22:09] [Server thread/INFO]:   |    |__)   LuckPerms v5.4.131
[11:22:09] [Server thread/INFO]:   |___ |      Running on Bukkit - Purpur
[11:22:09] [Server thread/INFO]: 
[11:22:09] [Server thread/INFO]: [LuckPerms] Loading configuration...
[11:22:09] [Server thread/INFO]: [LuckPerms] Loading storage provider... [H2]
[11:22:09] [Server thread/INFO]: [LuckPerms] Loading internal permission managers...
[11:22:10] [Server thread/INFO]: [LuckPerms] Performing initial data load...
[11:22:10] [Server thread/INFO]: [LuckPerms] Successfully enabled. (took 1240ms)
[11:22:10] [Server thread/INFO]: [Vault] Enabling Vault v1.7.3-b131
[11:22:10] [Server thread/INFO]: [Vault] [Permission] SuperPermissions loaded as backup permission system.
[11:22:10] [Server thread/INFO]: [Vault] Enabled Version 1.7.3-b131
[11:22:10] [Server thread/INFO]: [LuckPerms] Registered Vault permission & chat hook.
[11:22:10] [Server thread/INFO]: [WorldEdit] Enabling WorldEdit v7.3.9+6959-7adf70b
[11:22:10] [Server thread/INFO]: Registering commands with com.sk89q.worldedit.bukkit.BukkitServerInterface
[11:22:11] [Server thread/INFO]: WEPIF: Vault detected! Using Vault for permissions
[11:22:11] [Server thread/INFO]: Using com.sk89q.worldedit.bukkit.adapter.impl.v1_21.PaperweightAdapter as the Bukkit adapter
[11:22:12] [Server thread/INFO]: [started] Enabling NoDurability v1.0
[11:22:12] [Server thread/INFO]: [started] The NoDurability plugin was enabled.
[11:22:12] [Server thread/INFO]: Preparing level "world"
[11:22:13] [Server thread/INFO]: Preparing start region for dimension minecraft:overworld
[11:22:14] [Server thread/INFO]: Time elapsed: 445 ms
[11:22:14] [Server thread/INFO]: Preparing start region for dimension minecraft:the_end
[11:22:14] [Server thread/INFO]: Time elapsed: 88 ms
[11:22:14] [Server thread/INFO]: Preparing start region for dimension minecraft:fhbl
[11:22:14] [Server thread/INFO]: Time elapsed: 140 ms
[11:22:14] [Server thread/INFO]: [ViaVersion] Enabling ViaVersion v5.0.3
[11:22:14] [Server thread/INFO]: [ViaVersion] ViaVersion detected server version: 1.21 (767)
[11:22:14] [Server thread/INFO]: [PlaceholderAPI] Enabling PlaceholderAPI v2.11.6
[11:22:14] [Server thread/INFO]: [PlaceholderAPI] Fetching available expansion information...
[11:22:14] [Server thread/INFO]: [ViaBackwards] Enabling ViaBackwards v5.0.3
[11:22:14] [Server thread/INFO]: [WorldGuard] Enabling WorldGuard v7.0.11-beta1+a801a9d
[11:22:15] [Server thread/INFO]: [WorldGuard] (world) TNT ignition is PERMITTED.
[11:22:15] [Server thread/INFO]: [WorldGuard] (world) Lighters are PERMITTED.
[11:22:15] [Server thread/INFO]: [WorldGuard] (world) Lava fire is PERMITTED.
[11:22:15] [Server thread/INFO]: [WorldGuard] (world) Fire spread is UNRESTRICTED.
[11:22:15] [Server thread/INFO]: [WorldGuard] Loaded configuration for world 'world'
[11:22:15] [Server thread/INFO]: [WorldGuard] (world_the_end) TNT ignition is PERMITTED.
[11:22:15] [Server thread/INFO]: [WorldGuard] (world_the_end) Lighters are PERMITTED.
[11:22:15] [Server thread/INFO]: [WorldGuard] (world_the_end) Lava fire is PERMITTED.
[11:22:15] [Server thread/INFO]: [WorldGuard] (world_the_end) Fire spread is UNRESTRICTED.
[11:22:15] [Server thread/INFO]: [WorldGuard] Loaded configuration for world 'world_the_end'
[11:22:15] [Server thread/INFO]: [WorldGuard] (world_minecraft_fhbl) TNT ignition is PERMITTED.
[11:22:15] [Server thread/INFO]: [WorldGuard] (world_minecraft_fhbl) Lighters are PERMITTED.
[11:22:15] [Server thread/INFO]: [WorldGuard] (world_minecraft_fhbl) Lava fire is PERMITTED.
[11:22:15] [Server thread/INFO]: [WorldGuard] (world_minecraft_fhbl) Fire spread is UNRESTRICTED.
[11:22:15] [Server thread/INFO]: [WorldGuard] Loaded configuration for world 'world_minecraft_fhbl'
[11:22:15] [Server thread/INFO]: [WorldGuard] Loading region data...
[11:22:15] [Server thread/INFO]: [ServersNPC] Enabling ServersNPC v4.8
[11:22:15] [Server thread/INFO]: [ChatFormatter] Enabling ChatFormatter v1.2.0
[11:22:16] [Server thread/INFO]: [ChatFormatter] Plugin enabled in 548ms
[11:22:16] [Server thread/INFO]: [GrimAC] Enabling GrimAC v2.3.67
[11:22:16] [Server thread/INFO]: [GrimAC] Registering singular bukkit event... (PistonEvent)
[11:22:16] [Server thread/INFO]: [GrimAC] Registering packets...
[11:22:16] [Server thread/INFO]: [GrimAC] Registering tick schedulers...
[11:22:16] [Server thread/INFO]: [GrimAC] [ACF] Enabled Asynchronous Tab Completion Support!
[11:22:16] [Server thread/INFO]: [TAB] Enabling TAB v4.1.7
[11:22:16] [Server thread/INFO]: [TAB] Loaded NMS hook in 95ms
[11:22:17] [Server thread/INFO]: [TAB] Enabled in 443ms
[11:22:17] [Server thread/INFO]: [CleanPing] Enabling CleanPing v1.6.1
[11:22:17] [Server thread/INFO]: [CleanPing] 
   ___ _                 ___ _           
  / __| |___ __ _ _ _   | _ (_)_ _  __ _ 
 | (__| / -_) _` | ' \  |  _/ | ' \/ _` |
  \___|_\___\__,_|_||_| |_| |_|_||_\__, |
                                   |___/ 

[11:22:17] [Server thread/INFO]: [CleanPing] Server version: 1.21-R0.1-SNAPSHOT
[11:22:17] [Server thread/INFO]: [CleanPing] Loading configuration...
[11:22:17] [Server thread/INFO]: [CleanPing] Loading commands...
[11:22:17] [Server thread/INFO]: [CleanPing] Metrics loaded successfully!
[11:22:17] [Server thread/INFO]: [PlaceholderAPI] Successfully registered internal expansion: cleanping [1.0]
[11:22:17] [Server thread/INFO]: [CleanPing] PlaceholderAPI found, placeholders enabled.
[11:22:17] [Server thread/INFO]: [CleanPing] Plugin successfully loaded!
[11:22:17] [Server thread/INFO]: [Spawn] Enabling Spawn v1.0*
[11:22:17] [Server thread/INFO]: [Skript] Enabling Skript v2.9.4
[11:22:18] [ForkJoinPool.commonPool-worker-1/INFO]: [Skript] A new version of Skript is available: 2.9.5 (you're currently running 2.9.4)
[11:22:18] [ForkJoinPool.commonPool-worker-1/INFO]: Download it at: <aqua><u><link:https://github.com/SkriptLang/Skript/releases/download/2.9.5/Skript-2.9.5.jar>https://github.com/SkriptLang/Skript/releases/download/2.9.5/Skript-2.9.5.jar
[11:22:29] [Server thread/INFO]: [Skript] Loaded 233074 aliases in 11082ms
[11:22:30] [Server thread/INFO]: [Skript]  ~ created by & © Peter Güttinger aka Njol ~
[11:22:30] [Server thread/INFO]: [DRC] Enabling DRC v1.1*
[11:22:30] [Server thread/INFO]: [DRC] [DRC] enabled!
[11:22:30] [Server thread/INFO]: [LPC] Enabling LPC v3.6.0
[11:22:30] [Server thread/INFO]: [HealOnKill] Enabling HealOnKill v1.2*
[11:22:30] [Server thread/INFO]: [DeluxeMenus] Enabling DeluxeMenus v1.14.0-Release
[11:22:30] [Server thread/INFO]: [DeluxeMenus] Successfully hooked into PlaceholderAPI!
[11:22:30] [Server thread/WARN]: [DeluxeMenus] No type set for requirement: permission for path: open_requirement.requirements.permission
[11:22:30] [Server thread/WARN]: [DeluxeMenus] No type set for requirement: kit_perm for path: items.Speed1.view_requirement.requirements.kit_perm
[11:22:31] [Server thread/WARN]: [DeluxeMenus] No type set for requirement: kit_perm for path: items.Speed2.view_requirement.requirements.kit_perm
[11:22:31] [Server thread/WARN]: [DeluxeMenus] Material for item: filler_item in menu: Speed is not present!
Skipping item: filler_item
[11:22:31] [Server thread/WARN]: [DeluxeMenus] No type set for requirement: permission for path: open_requirement.requirements.permission
[11:22:31] [Server thread/WARN]: [DeluxeMenus] Has Permission requirement at path: items.Sword.view_requirement.requirements.kit_perm does not contain a permission: entry
[11:22:31] [Server thread/WARN]: [DeluxeMenus] Material for item: filler_item in menu: Gamemode is not present!
Skipping item: filler_item
[11:22:31] [Server thread/WARN]: [DeluxeMenus] No type set for requirement: permission for path: open_requirement.requirements.permission
[11:22:31] [Server thread/WARN]: [DeluxeMenus] No type set for requirement: kit_perm for path: items.Neth.view_requirement.requirements.kit_perm
[11:22:31] [Server thread/WARN]: [DeluxeMenus] Material for item: filler_item in menu: Nethpot is not present!
Skipping item: filler_item
[11:22:31] [Server thread/WARN]: [DeluxeMenus] command: Speed specified for menu: Sword already exists for another menu!
Skipping command: Speed in menu: Sword
[11:22:31] [Server thread/WARN]: [DeluxeMenus] No type set for requirement: kit_perm for path: items.Speed1.view_requirement.requirements.kit_perm
[11:22:31] [Server thread/WARN]: [DeluxeMenus] Material for item: filler_item in menu: Sword is not present!
Skipping item: filler_item
[11:22:31] [Server thread/INFO]: [DeluxeMenus] 7 GUI menus loaded!
[11:22:31] [Server thread/INFO]: [DeluxeMenus] You are running the latest version of DeluxeMenus!
[11:22:31] [Server thread/INFO]: [PlaceholderAPI] Successfully registered internal expansion: deluxemenus [1.14.0-Release]
[11:22:31] [Server thread/INFO]: [PlayerKits2] Enabling PlayerKits2 v1.12.4
[11:22:31] [Server thread/INFO]: [PlaceholderAPI] Successfully registered internal expansion: playerkits [1.12.4]
[11:22:31] [Server thread/INFO]: [PlayerKits²] Has been enabled! Version: 1.12.4
[11:22:31] [Server thread/INFO]: [PlayerKits²] Thanks for using my plugin!   ~Ajneb97
[11:22:31] [Server thread/INFO]: There is a new version available. (1.13.1)
[11:22:31] [Server thread/INFO]: You can download it at: https://modrinth.com/plugin/playerkits-2
[11:22:31] [Server thread/INFO]: [StatsSB] Enabling StatsSB v4.1-Lite
[11:22:31] [Server thread/INFO]: [io.aquaticlabs.libs.zaxxer.hikari.HikariDataSource] Aquatic Labs Sqlite Pool - Starting...
[11:22:31] [Server thread/INFO]: [io.aquaticlabs.libs.zaxxer.hikari.HikariDataSource] Aquatic Labs Sqlite Pool - Start completed.
[11:22:31] [Server thread/INFO]: [spark] Starting background profiler...
[11:22:32] [Server thread/INFO]: [PlaceholderAPI] Placeholder expansion registration initializing...
[11:22:32] [Server thread/INFO]: Done preparing level "world" (19.660s)
[11:22:32] [Server thread/INFO]: Starting GS4 status listener
[11:22:32] [Server thread/INFO]: Thread Query Listener started
[11:22:32] [Query Listener #1/INFO]: Query running on 0.0.0.0:25565
[11:22:32] [Server thread/INFO]: Running delayed init tasks
[11:22:32] [Craft Scheduler Thread - 5 - ViaVersion/INFO]: [ViaVersion] Finished mapping loading, shutting down loader executor!
[11:22:32] [Server thread/INFO]: [Skript] Loading variables...
[11:22:32] [Craft Scheduler Thread - 9 - Vault/INFO]: [Vault] Checking for Updates ... 
[11:22:32] [Server thread/INFO]: [Skript] Loaded 0 variables in 0.0 seconds
[11:22:32] [Server thread/INFO]: [Skript] All scripts loaded without errors.
[11:22:32] [Server thread/INFO]: [Skript] Loaded 1 script with a total of 4 structures in 0.23 seconds
[11:22:32] [Server thread/INFO]: [Skript] Finished loading.
[11:22:32] [Server thread/INFO]: [PlaceholderAPI] Successfully registered external expansion: server [2.7.3]
[11:22:32] [Server thread/INFO]: [PlaceholderAPI] Successfully registered external expansion: pinger [1.0.1]
[11:22:32] [Server thread/INFO]: [PlaceholderAPI] Successfully registered external expansion: luckperms [5.4-R2]
[11:22:32] [Server thread/INFO]: [PlaceholderAPI] Successfully registered external expansion: player [2.0.8]
[11:22:32] [Server thread/WARN]: [PlaceholderAPI] Cannot load expansion playerstats due to a missing plugin: PlayerStats
[11:22:32] [Server thread/INFO]: 4 placeholder hook(s) registered!
[11:22:32] [Server thread/WARN]: [ViaVersion] There is a newer plugin version available: 5.1.1, you're on: 5.0.3
[11:22:32] [Server thread/INFO]: Done (50.269s)! For help, type "help"
[11:22:32] [Craft Scheduler Thread - 9 - Vault/INFO]: [Vault] No new version available
[11:22:33] [User Authenticator #0/INFO]: UUID of player Spanse is bd5317cd-f36b-466b-af18-a2a26f2c80b4
[11:22:36] [TAB Processing Thread/INFO]: [TAB] [WARN] Player Spanse's group (t4) is not in sorting list! Sorting list: owner,admin,mod,helper,builder,vip,default. Player will be sorted on the bottom.
[11:22:36] [Server thread/INFO]: Spanse joined the game
[11:22:36] [Server thread/INFO]: Spanse[/[0:0:0:0:0:0:0:1]:43442] logged in with entity id 2 at ([world]-214.1553527798164, 67.0, 0.537966499811739)
[11:22:41] [User Authenticator #0/INFO]: UUID of player BlueBVN1716 is 03157b4e-cf87-46e4-ad69-c273fd8fd43e
[11:22:41] [TAB Processing Thread/INFO]: [TAB] [WARN] Player BlueBVN1716's group (t3) is not in sorting list! Sorting list: owner,admin,mod,helper,builder,vip,default. Player will be sorted on the bottom.
[11:22:41] [Server thread/INFO]: BlueBVN1716 joined the game
[11:22:41] [Server thread/INFO]: BlueBVN1716[/[0:0:0:0:0:0:0:1]:50962] logged in with entity id 5 at ([world]-214.1553527798164, 67.0, 0.537966499811739)
[11:22:44] [Server thread/INFO]: Removed 6 item(s) from player Spanse
[11:22:44] [Server thread/INFO]: [PlayerKits²] Kit Sword given to Spanse!
[11:22:44] [Server thread/INFO]: Teleported Spanse to 0.500000, 64.000000, 0.500000
[11:22:47] [Server thread/INFO]: Removed 6 item(s) from player BlueBVN1716
[11:22:47] [Server thread/INFO]: [PlayerKits²] Kit Sword given to BlueBVN1716!
[11:22:47] [Server thread/INFO]: Teleported BlueBVN1716 to 0.500000, 64.000000, 0.500000
[11:23:16] [Server thread/INFO]: ☠ Spanse was defeated by 🗡 BlueBVN1716 (1.87❤)
[11:23:19] [Server thread/INFO]: Teleported Spanse to 0.500000, 64.000000, 0.500000
[11:23:19] [Server thread/INFO]: [PlayerKits²] Kit Sword given to Spanse!
[11:23:39] [Server thread/INFO]: ☠ BlueBVN1716 was defeated by 🗡 Spanse (10.4❤)
[11:23:40] [Server thread/INFO]: Teleported BlueBVN1716 to 0.500000, 64.000000, 0.500000
[11:23:40] [Server thread/INFO]: [PlayerKits²] Kit Sword given to BlueBVN1716!
[11:23:58] [Server thread/INFO]: ☠ BlueBVN1716 was defeated by 🗡 Spanse (6.19❤)
[11:23:59] [Server thread/INFO]: Teleported BlueBVN1716 to 0.500000, 64.000000, 0.500000
[11:23:59] [Server thread/INFO]: [PlayerKits²] Kit Sword given to BlueBVN1716!
[11:24:10] [Netty Server IO #2/WARN]: io.netty.handler.timeout.ReadTimeoutException
[11:24:24] [Server thread/INFO]: ☠ BlueBVN1716 was defeated by 🗡 Spanse (2.09❤)
[11:24:25] [Server thread/INFO]: Teleported BlueBVN1716 to 0.500000, 64.000000, 0.500000
[11:24:25] [Server thread/INFO]: [PlayerKits²] Kit Sword given to BlueBVN1716!
[11:24:55] [Server thread/INFO]: ☠ BlueBVN1716 was defeated by 🗡 Spanse (8.48❤)
[11:24:56] [Server thread/INFO]: Teleported BlueBVN1716 to 0.500000, 64.000000, 0.500000
[11:24:56] [Server thread/INFO]: [PlayerKits²] Kit Sword given to BlueBVN1716!
[11:24:57] [Netty Server IO #1/WARN]: io.netty.handler.timeout.ReadTimeoutException
[11:25:13] [Netty Server IO #2/WARN]: io.netty.handler.timeout.ReadTimeoutException
[11:25:20] [Server thread/INFO]: ☠ BlueBVN1716 was defeated by 🗡 Spanse (14❤)
[11:25:21] [Server thread/INFO]: Teleported BlueBVN1716 to 0.500000, 64.000000, 0.500000
[11:25:21] [Server thread/INFO]: [PlayerKits²] Kit Sword given to BlueBVN1716!
[11:25:59] [Server thread/INFO]: ☠ BlueBVN1716 was defeated by 🗡 Spanse (1.55❤)
[11:26:00] [Server thread/INFO]: Teleported BlueBVN1716 to 0.500000, 64.000000, 0.500000
[11:26:00] [Server thread/INFO]: [PlayerKits²] Kit Sword given to BlueBVN1716!
[11:26:00] [Server thread/WARN]: BlueBVN1716 moved too quickly! 214.6553527798164,-3.000000099999994,-0.03796649981173905
[11:26:01] [Netty Server IO #1/WARN]: io.netty.handler.timeout.ReadTimeoutException
[11:26:17] [Netty Server IO #2/WARN]: io.netty.handler.timeout.ReadTimeoutException
[11:26:25] [Server thread/INFO]: ☠ Spanse was defeated by 🗡 BlueBVN1716 (2.74❤)
[11:26:26] [Server thread/INFO]: Teleported Spanse to 0.500000, 64.000000, 0.500000
[11:26:26] [Server thread/INFO]: [PlayerKits²] Kit Sword given to Spanse!
[11:27:03] [Server thread/INFO]: ☠ BlueBVN1716 was defeated by 🗡 Spanse (7.16❤)
[11:27:04] [Server thread/INFO]: Teleported BlueBVN1716 to 0.500000, 64.000000, 0.500000
[11:27:04] [Server thread/INFO]: [PlayerKits²] Kit Sword given to BlueBVN1716!
[11:27:04] [Server thread/WARN]: BlueBVN1716 moved too quickly! 214.6553527798164,-3.000000099999994,-0.03796649981173905
[11:27:21] [Netty Server IO #2/WARN]: io.netty.handler.timeout.ReadTimeoutException
[11:27:29] [Server thread/INFO]: ☠ BlueBVN1716 was defeated by 🗡 Spanse (13.53❤)
[11:27:29] [Server thread/INFO]: Teleported BlueBVN1716 to 0.500000, 64.000000, 0.500000
[11:27:29] [Server thread/INFO]: [PlayerKits²] Kit Sword given to BlueBVN1716!
[11:27:29] [Server thread/WARN]: BlueBVN1716 moved too quickly! 214.55781642025397,-3.000000099999994,-0.028444976798656985
[11:27:57] [Server thread/INFO]: ☠ BlueBVN1716 was defeated by 🗡 Spanse (4.58❤)
[11:27:58] [Server thread/INFO]: Teleported BlueBVN1716 to 0.500000, 64.000000, 0.500000
[11:27:58] [Server thread/INFO]: [PlayerKits²] Kit Sword given to BlueBVN1716!
[11:27:58] [Server thread/WARN]: BlueBVN1716 moved too quickly! 214.6553527798164,-3.000000099999994,-0.03796649981173905
[11:28:18] [Server thread/INFO]: ☠ BlueBVN1716 was defeated by 🗡 Spanse (12.66❤)
[11:28:19] [Server thread/INFO]: Teleported BlueBVN1716 to 0.500000, 64.000000, 0.500000
[11:28:19] [Server thread/INFO]: [PlayerKits²] Kit Sword given to BlueBVN1716!
[11:28:19] [Server thread/WARN]: BlueBVN1716 moved too quickly! 214.6553527798164,-3.000000099999994,-0.03796649981173905
[11:28:25] [Netty Server IO #2/WARN]: io.netty.handler.timeout.ReadTimeoutException
[11:28:54] [Server thread/INFO]: ☠ BlueBVN1716 was defeated by 🗡 Spanse (6.64❤)
[11:28:55] [Server thread/INFO]: Teleported BlueBVN1716 to 0.500000, 64.000000, 0.500000
[11:28:55] [Server thread/INFO]: [PlayerKits²] Kit Sword given to BlueBVN1716!
[11:28:55] [Server thread/WARN]: BlueBVN1716 moved too quickly! 214.57302332482405,-3.000000099999994,0.14849075646289428
[11:28:58] [Async Chat Thread - #2/INFO]: [Not Secure] T4 Spanse: thoi off
[11:29:02] [Async Chat Thread - #2/INFO]: [Not Secure] T4 Spanse: gg
[11:29:06] [Async Chat Thread - #2/INFO]: T3 BlueBVN1716: gay
[11:29:11] [Server thread/INFO]: Spanse lost connection: Disconnected
[11:29:11] [Server thread/INFO]: Spanse left the game
[11:29:28] [Server thread/INFO]: Paper Plugins: (0):
[11:29:28] [Server thread/INFO]: Bukkit Plugins: (21):
[11:29:28] [Server thread/INFO]:  - ChatFormatter, CleanPing, DeluxeMenus, *DRC, GrimAC, *HealOnKill, LPC, LuckPerms, NoDurability, PlaceholderAPI
[11:29:28] [Server thread/INFO]:  PlayerKits2, ServersNPC, Skript, *Spawn, StatsSB, TAB, Vault, ViaBackwards, ViaVersion, WorldEdit
[11:29:28] [Server thread/INFO]:  WorldGuard
[11:29:29] [Netty Server IO #2/WARN]: io.netty.handler.timeout.ReadTimeoutException
[11:30:28] [Server thread/INFO]: BlueBVN1716 lost connection: Disconnected
[11:30:28] [Server thread/INFO]: BlueBVN1716 left the game
[12:12:15] [User Authenticator #1/INFO]: UUID of player BlueBVN1716 is 03157b4e-cf87-46e4-ad69-c273fd8fd43e
[12:12:15] [TAB Processing Thread/INFO]: [TAB] [WARN] Player BlueBVN1716's group (t3) is not in sorting list! Sorting list: owner,admin,mod,helper,builder,vip,default. Player will be sorted on the bottom.
[12:12:15] [Server thread/INFO]: BlueBVN1716 joined the game
[12:12:15] [Server thread/INFO]: BlueBVN1716[/[0:0:0:0:0:0:0:1]:56884] logged in with entity id 6 at ([world]-214.1553527798164, 67.0, 0.537966499811739)
[12:13:28] [Server thread/INFO]: No items were found on player BlueBVN1716
[12:13:28] [Server thread/INFO]: [PlayerKits²] Kit Sword given to BlueBVN1716!
[12:13:28] [Server thread/INFO]: Teleported BlueBVN1716 to 0.500000, 64.000000, 0.500000
[12:19:06] [Netty Server IO #3/WARN]: io.netty.handler.timeout.ReadTimeoutException
[12:19:22] [Netty Server IO #0/WARN]: io.netty.handler.timeout.ReadTimeoutException
[12:21:14] [Netty Server IO #3/WARN]: io.netty.handler.timeout.ReadTimeoutException
[12:24:26] [Netty Server IO #3/WARN]: io.netty.handler.timeout.ReadTimeoutException
[12:25:30] [Netty Server IO #3/WARN]: io.netty.handler.timeout.ReadTimeoutException
[12:26:34] [Netty Server IO #3/WARN]: io.netty.handler.timeout.ReadTimeoutException
[12:28:42] [Netty Server IO #3/WARN]: io.netty.handler.timeout.ReadTimeoutException
[12:31:37] [Server thread/INFO]: BlueBVN1716 lost connection: Disconnected
[12:31:37] [Server thread/INFO]: BlueBVN1716 left the game
[12:31:44] [User Authenticator #2/INFO]: UUID of player Spanse is bd5317cd-f36b-466b-af18-a2a26f2c80b4
[12:31:44] [TAB Processing Thread/INFO]: [TAB] [WARN] Player Spanse's group (t4) is not in sorting list! Sorting list: owner,admin,mod,helper,builder,vip,default. Player will be sorted on the bottom.
[12:31:44] [Server thread/INFO]: Spanse joined the game
[12:31:44] [Server thread/INFO]: Spanse[/[0:0:0:0:0:0:0:1]:45570] logged in with entity id 7 at ([world]-214.1553527798164, 67.0, 0.537966499811739)
[12:32:35] [Server thread/INFO]: Spanse issued server command: /lp user Spanse parent set owner
[12:32:35] [luckperms-command-executor/INFO]: [LP] LOG > (Spanse) [U] (spanse)
[12:32:35] [luckperms-command-executor/INFO]: [LP] LOG > parent set owner
[12:32:37] [Server thread/INFO]: No items were found on player Spanse
[12:32:37] [Server thread/INFO]: [PlayerKits²] Kit Sword given to Spanse!
[12:32:37] [Server thread/INFO]: Teleported Spanse to 0.500000, 64.000000, 0.500000
[12:32:44] [Async Chat Thread - #4/INFO]: [Not Secure] ᴏᴡɴᴇʀ Spanse: skibid
[12:32:55] [User Authenticator #3/INFO]: UUID of player BlueBVN1716 is 03157b4e-cf87-46e4-ad69-c273fd8fd43e
[12:32:55] [TAB Processing Thread/INFO]: [TAB] [WARN] Player BlueBVN1716's group (t3) is not in sorting list! Sorting list: owner,admin,mod,helper,builder,vip,default. Player will be sorted on the bottom.
[12:32:55] [Server thread/INFO]: BlueBVN1716 joined the game
[12:32:55] [Server thread/INFO]: BlueBVN1716[/[0:0:0:0:0:0:0:1]:42878] logged in with entity id 8 at ([world]-214.1553527798164, 67.0, 0.537966499811739)
[12:33:10] [User Authenticator #3/INFO]: UUID of player HoagMinhh is 5f4126e2-6131-4048-9cd5-fcf93a26574b
[12:33:10] [Server thread/INFO]: HoagMinhh joined the game
[12:33:10] [Server thread/INFO]: HoagMinhh[/[0:0:0:0:0:0:0:1]:37316] logged in with entity id 9 at ([world]-214.1553527798164, 67.0, 0.537966499811739)
[12:33:19] [Server thread/INFO]: No items were found on player HoagMinhh
[12:33:19] [Server thread/INFO]: [PlayerKits²] Kit Sword given to HoagMinhh!
[12:33:19] [Server thread/INFO]: Teleported HoagMinhh to 0.500000, 64.000000, 0.500000
[12:33:19] [Server thread/INFO]: HoagMinhh has made the advancement [Cover Me with Diamonds]
[12:33:21] [Server thread/INFO]: No items were found on player BlueBVN1716
[12:33:21] [Server thread/INFO]: [PlayerKits²] Kit Sword given to BlueBVN1716!
[12:33:21] [Server thread/INFO]: Teleported BlueBVN1716 to 0.500000, 64.000000, 0.500000
[12:33:37] [Async Chat Thread - #4/INFO]: ᴍᴇᴍʙᴇʀ HoagMinhh: SOLO
[12:33:49] [Server thread/INFO]: Spanse issued server command: /lp user HoagMinhh parent set t4
[12:33:49] [luckperms-command-executor/INFO]: [LP] LOG > (Spanse) [U] (hoagminhh)
[12:33:49] [luckperms-command-executor/INFO]: [LP] LOG > parent set t4
[12:33:49] [TAB Processing Thread/INFO]: [TAB] [WARN] Player HoagMinhh's group (t4) is not in sorting list! Sorting list: owner,admin,mod,helper,builder,vip,default. Player will be sorted on the bottom.
[12:33:49] [TAB Processing Thread/INFO]: [TAB] [WARN] Player HoagMinhh's group (t4) is not in sorting list! Sorting list: owner,admin,mod,helper,builder,vip,default. Player will be sorted on the bottom.
[12:33:59] [Server thread/INFO]: ☠ BlueBVN1716 was defeated by 🗡 HoagMinhh (14.36❤)
[12:34:00] [Server thread/INFO]: Teleported BlueBVN1716 to 0.500000, 64.000000, 0.500000
[12:34:00] [Server thread/INFO]: [PlayerKits²] Kit Sword given to BlueBVN1716!
[12:34:02] [Netty Server IO #1/WARN]: io.netty.handler.timeout.ReadTimeoutException
[12:34:02] [Async Chat Thread - #4/INFO]: T4 HoagMinhh: uay kb ngon the
[12:34:06] [Server thread/INFO]: Spanse issued server command: /lp user BlueBVN1716 parent set owner
[12:34:06] [luckperms-command-executor/INFO]: [LP] LOG > (Spanse) [U] (bluebvn1716)
[12:34:06] [luckperms-command-executor/INFO]: [LP] LOG > parent set owner
[12:35:36] [Netty Server IO #0/WARN]: io.netty.handler.timeout.ReadTimeoutException
[12:36:12] [Server thread/INFO]: BlueBVN1716 issued server command: /kill
[12:36:12] [Server thread/INFO]: [BlueBVN1716: Killed BlueBVN1716]
[12:36:51] [Server thread/INFO]: Spanse issued server command: /ping
[12:37:12] [Netty Server IO #0/WARN]: io.netty.handler.timeout.ReadTimeoutException
[12:37:27] [Server thread/INFO]: Teleported BlueBVN1716 to 0.500000, 64.000000, 0.500000
[12:37:27] [Server thread/INFO]: [PlayerKits²] Kit Sword given to BlueBVN1716!
[12:37:37] [Server thread/INFO]: HoagMinhh lost connection: Disconnected
[12:37:37] [Server thread/INFO]: HoagMinhh left the game
[12:38:18] [Netty Server IO #0/WARN]: io.netty.handler.timeout.ReadTimeoutException
[12:38:50] [Netty Server IO #2/WARN]: io.netty.handler.timeout.ReadTimeoutException
[12:39:43] [Server thread/INFO]: Spanse issued server command: /gamerule fallDamage false
[12:39:43] [Server thread/INFO]: [Spanse: Gamerule fallDamage is now set to: false]
[12:40:10] [Netty Server IO #3/WARN]: io.netty.handler.timeout.ReadTimeoutException
[12:40:26] [Netty Server IO #0/WARN]: io.netty.handler.timeout.ReadTimeoutException
[12:40:28] [User Authenticator #4/INFO]: UUID of player Kitty190 is 7fc81736-5a4d-413d-8eea-76216c336c72
[12:40:28] [TAB Processing Thread/INFO]: [TAB] [WARN] Player Kitty190's group (ht1) is not in sorting list! Sorting list: owner,admin,mod,helper,builder,vip,default. Player will be sorted on the bottom.
[12:40:28] [Netty Server IO #3/WARN]: [ViaVersion] (1.17->1.16.4) Increased world height is NOT SUPPORTED for 1.16 players and below. They will see a void below y 0 and above 256. You can enable the `bedrock-at-y-0` config option to replace the air with a bedrock layer.
[12:40:28] [Server thread/INFO]: Kitty190 joined the game
[12:40:28] [Server thread/INFO]: Kitty190[/[0:0:0:0:0:0:0:1]:57934] logged in with entity id 10 at ([world]-214.1553527798164, 67.0, 0.537966499811739)
[12:41:17] [Server thread/INFO]: No items were found on player Kitty190
[12:41:17] [Server thread/INFO]: [PlayerKits²] Kit Sword given to Kitty190!
[12:41:17] [Server thread/INFO]: Teleported Kitty190 to 0.500000, 64.000000, 0.500000
[12:41:32] [Async Chat Thread - #6/INFO]: [Not Secure] ᴏᴡɴᴇʀ Spanse: 5mins
[12:42:57] [Async Chat Thread - #8/INFO]: [Not Secure] HT1 Kitty190: touch some blue
[12:42:57] [User Authenticator #5/INFO]: UUID of player Spanse is bd5317cd-f36b-466b-af18-a2a26f2c80b4
[12:42:57] [Server thread/INFO]: Spanse lost connection: You logged in from another location
[12:42:57] [Server thread/INFO]: Spanse left the game
[12:42:57] [Server thread/INFO]: Spanse joined the game
[12:42:57] [Server thread/INFO]: Spanse[/[0:0:0:0:0:0:0:1]:53282] logged in with entity id 11 at ([world]-214.1553527798164, 67.0, 0.537966499811739)
[12:43:06] [Netty Server IO #3/WARN]: io.netty.handler.timeout.ReadTimeoutException
[12:43:55] [Server thread/INFO]: No items were found on player Spanse
[12:43:55] [Server thread/INFO]: [PlayerKits²] Kit Sword given to Spanse!
[12:43:55] [Server thread/INFO]: Teleported Spanse to 0.500000, 64.000000, 0.500000
[12:44:03] [Server thread/INFO]: ☠ BlueBVN1716 was defeated by 🗡 Kitty190 (5.7❤)
[12:44:04] [Server thread/INFO]: Teleported BlueBVN1716 to 0.500000, 64.000000, 0.500000
[12:44:04] [Server thread/INFO]: [PlayerKits²] Kit Sword given to BlueBVN1716!
[12:44:26] [Netty Server IO #1/WARN]: io.netty.handler.timeout.ReadTimeoutException
[12:44:39] [Server thread/INFO]: ☠ BlueBVN1716 was defeated by 🗡 Spanse (3.37❤)
[12:44:39] [Server thread/INFO]: Teleported BlueBVN1716 to 0.500000, 64.000000, 0.500000
[12:44:39] [Server thread/INFO]: [PlayerKits²] Kit Sword given to BlueBVN1716!
[12:45:04] [Server thread/INFO]: ☠ BlueBVN1716 was defeated by 🗡 Spanse (6.66❤)
[12:45:05] [Server thread/INFO]: Teleported BlueBVN1716 to 0.500000, 64.000000, 0.500000
[12:45:05] [Server thread/INFO]: [PlayerKits²] Kit Sword given to BlueBVN1716!
[12:45:09] [Async Chat Thread - #10/INFO]: [Not Secure] ᴏᴡɴᴇʀ Spanse: muot nhu sunslik
[12:45:12] [Async Chat Thread - #10/INFO]: [Not Secure] ᴏᴡɴᴇʀ Spanse: silk
[12:45:20] [Async Chat Thread - #10/INFO]: [Not Secure] HT1 Kitty190: TROI OI
[12:45:21] [Async Chat Thread - #10/INFO]: [Not Secure] HT1 Kitty190: SPANCE
[12:45:30] [Async Chat Thread - #10/INFO]: [Not Secure] HT1 Kitty190: EM DI THAM GIA EVENT SWORD 1V1 Nha
[12:45:33] [Server thread/INFO]: ☠ BlueBVN1716 was defeated by 🗡 Spanse (8.17❤)
[12:45:34] [Server thread/INFO]: Teleported BlueBVN1716 to 0.500000, 64.000000, 0.500000
[12:45:34] [Server thread/INFO]: [PlayerKits²] Kit Sword given to BlueBVN1716!
[12:45:35] [Async Chat Thread - #10/INFO]: [Not Secure] ᴏᴡɴᴇʀ Spanse: ok
[12:45:39] [Async Chat Thread - #11/INFO]: [Not Secure] ᴏᴡɴᴇʀ Spanse: good luck
[12:45:46] [Netty Server IO #2/WARN]: io.netty.handler.timeout.ReadTimeoutException
[12:45:50] [Async Chat Thread - #11/INFO]: [Not Secure] ᴏᴡɴᴇʀ Spanse: o dau
[12:45:55] [Async Chat Thread - #11/INFO]: [Not Secure] HT1 Kitty190: tu tu
[12:45:59] [Async Chat Thread - #11/INFO]: [Not Secure] HT1 Kitty190: de em gui ip
[12:46:01] [Async Chat Thread - #11/INFO]: [Not Secure] HT1 Kitty190: co gi vo choi
[12:46:09] [Server thread/INFO]: ☠ Spanse was defeated by 🗡 BlueBVN1716 (5.61❤)
[12:46:09] [Server thread/INFO]: Teleported Spanse to 0.500000, 64.000000, 0.500000
[12:46:09] [Server thread/INFO]: [PlayerKits²] Kit Sword given to Spanse!
[12:46:09] [Server thread/WARN]: Spanse moved too quickly! 214.29183840717434,-3.0,0.8221151737971018
[12:46:30] [Server thread/INFO]: ☠ BlueBVN1716 was defeated by 🗡 Kitty190 (7.55❤)
[12:46:31] [Server thread/INFO]: Teleported BlueBVN1716 to 0.500000, 64.000000, 0.500000
[12:46:31] [Server thread/INFO]: [PlayerKits²] Kit Sword given to BlueBVN1716!
[12:46:39] [Async Chat Thread - #11/INFO]: [Not Secure] HT1 Kitty190: whitelist event a oi
[12:46:50] [Netty Server IO #2/WARN]: io.netty.handler.timeout.ReadTimeoutException
[12:47:00] [Async Chat Thread - #11/INFO]: [Not Secure] ᴏᴡɴᴇʀ Spanse: ok
[12:47:06] [Netty Server IO #3/WARN]: io.netty.handler.timeout.ReadTimeoutException
[12:47:06] [Async Chat Thread - #11/INFO]: [Not Secure] ᴏᴡɴᴇʀ Spanse: anh ko chs dau
[12:47:33] [Server thread/INFO]: ☠ Spanse was defeated by 🗡 BlueBVN1716 (7.37❤)
[12:47:34] [Server thread/INFO]: Teleported Spanse to 0.500000, 64.000000, 0.500000
[12:47:34] [Server thread/INFO]: [PlayerKits²] Kit Sword given to Spanse!
[12:47:36] [Async Chat Thread - #11/INFO]: [Not Secure] HT1 Kitty190: warm up ti
[12:47:52] [Server thread/INFO]: ☠ BlueBVN1716 was defeated by 🗡 Spanse (15.54❤)
[12:47:53] [Server thread/INFO]: Teleported BlueBVN1716 to 0.500000, 64.000000, 0.500000
[12:47:53] [Server thread/INFO]: [PlayerKits²] Kit Sword given to BlueBVN1716!
[12:48:42] [Netty Server IO #1/WARN]: io.netty.handler.timeout.ReadTimeoutException
[12:48:46] [Server thread/INFO]: ☠ BlueBVN1716 was defeated by 🗡 Spanse (5.35❤)
[12:48:47] [Server thread/INFO]: Teleported BlueBVN1716 to 0.500000, 64.000000, 0.500000
[12:48:47] [Server thread/INFO]: [PlayerKits²] Kit Sword given to BlueBVN1716!
[12:49:09] [Server thread/INFO]: ☠ BlueBVN1716 was defeated by 🗡 Spanse (5.33❤)
[12:49:10] [Server thread/INFO]: Teleported BlueBVN1716 to 0.500000, 64.000000, 0.500000
[12:49:10] [Server thread/INFO]: [PlayerKits²] Kit Sword given to BlueBVN1716!
[12:49:37] [Server thread/INFO]: ☠ BlueBVN1716 was defeated by 🗡 Spanse (3.18❤)
[12:49:38] [Server thread/INFO]: Teleported BlueBVN1716 to 0.500000, 64.000000, 0.500000
[12:49:38] [Server thread/INFO]: [PlayerKits²] Kit Sword given to BlueBVN1716!
[12:50:08] [Server thread/INFO]: ☠ Kitty190 was defeated by 🗡 Spanse (3.18❤)
[12:50:08] [Server thread/INFO]: Teleported Kitty190 to 0.500000, 64.000000, 0.500000
[12:50:08] [Server thread/INFO]: [PlayerKits²] Kit Sword given to Kitty190!
[12:50:38] [Server thread/INFO]: ☠ Spanse was defeated by 🗡 Kitty190 (4.34❤)
[12:50:39] [Server thread/INFO]: Teleported Spanse to 0.500000, 64.000000, 0.500000
[12:50:39] [Server thread/INFO]: [PlayerKits²] Kit Sword given to Spanse!
[12:50:40] [Async Chat Thread - #12/INFO]: [Not Secure] ᴏᴡɴᴇʀ Spanse: wtf
[12:51:08] [Server thread/INFO]: ☠ Kitty190 was defeated by 🗡 Spanse (8.77❤)
[12:51:09] [Server thread/INFO]: Teleported Kitty190 to 0.500000, 64.000000, 0.500000
[12:51:09] [Server thread/INFO]: [PlayerKits²] Kit Sword given to Kitty190!
[12:51:45] [Server thread/INFO]: ☠ Spanse was defeated by 🗡 BlueBVN1716 (6.72❤)
[12:51:46] [Server thread/INFO]: Teleported Spanse to 0.500000, 64.000000, 0.500000
[12:51:46] [Server thread/INFO]: [PlayerKits²] Kit Sword given to Spanse!
[12:51:46] [Server thread/WARN]: Spanse moved too quickly! 214.6553527798164,-3.000000099999994,-0.03796649981173905
[12:52:32] [Server thread/INFO]: ☠ Kitty190 was defeated by 🗡 Spanse (1.27❤)
[12:52:33] [Server thread/INFO]: Teleported Kitty190 to 0.500000, 64.000000, 0.500000
[12:52:33] [Server thread/INFO]: [PlayerKits²] Kit Sword given to Kitty190!
[12:52:33] [Server thread/WARN]: Kitty190 moved too quickly! 214.56021685012843,-3.0,-0.11944517701573032
[12:52:42] [Netty Server IO #1/WARN]: io.netty.handler.timeout.ReadTimeoutException
[12:52:51] [Server thread/INFO]: BlueBVN1716 issued server command: /kil
[12:52:53] [Server thread/INFO]: BlueBVN1716 issued server command: /kill
[12:52:53] [Server thread/INFO]: [BlueBVN1716: Killed BlueBVN1716]
[12:52:53] [Server thread/INFO]: ☠ Spanse was defeated by 🗡 Kitty190 (6.57❤)
[12:52:54] [Server thread/INFO]: Teleported Spanse to 0.500000, 64.000000, 0.500000
[12:52:54] [Server thread/INFO]: [PlayerKits²] Kit Sword given to Spanse!
[12:53:00] [Server thread/INFO]: BlueBVN1716 issued server command: /kill
[12:53:00] [Server thread/INFO]: [BlueBVN1716: Killed BlueBVN1716]
[12:53:20] [Server thread/INFO]: ☠ Kitty190 was defeated by 🗡 Spanse (1.03❤)
[12:53:21] [Server thread/INFO]: Teleported Kitty190 to 0.500000, 64.000000, 0.500000
[12:53:21] [Server thread/INFO]: [PlayerKits²] Kit Sword given to Kitty190!
[12:53:50] [Server thread/INFO]: ☠ Kitty190 was defeated by 🗡 Spanse (2.78❤)
[12:53:50] [Server thread/INFO]: Teleported Kitty190 to 0.500000, 64.000000, 0.500000
[12:53:50] [Server thread/INFO]: [PlayerKits²] Kit Sword given to Kitty190!
[12:53:50] [Server thread/WARN]: Kitty190 moved too quickly! 214.38252992371454,-3.0,0.1374679508675582
[12:54:13] [Server thread/INFO]: ☠ Kitty190 was defeated by 🗡 Spanse (4.85❤)
[12:54:14] [Server thread/INFO]: Teleported Kitty190 to 0.500000, 64.000000, 0.500000
[12:54:14] [Server thread/INFO]: [PlayerKits²] Kit Sword given to Kitty190!
[12:54:36] [Server thread/INFO]: ☠ Spanse was defeated by 🗡 Kitty190 (11.98❤)
[12:54:36] [Server thread/INFO]: Teleported Spanse to 0.500000, 64.000000, 0.500000
[12:54:36] [Server thread/INFO]: [PlayerKits²] Kit Sword given to Spanse!
[12:55:02] [Server thread/INFO]: ☠ Spanse was defeated by 🗡 Kitty190 (11.24❤)
[12:55:03] [Server thread/INFO]: Teleported Spanse to 0.500000, 64.000000, 0.500000
[12:55:03] [Server thread/INFO]: [PlayerKits²] Kit Sword given to Spanse!
[12:55:28] [Server thread/INFO]: ☠ Kitty190 was defeated by 🗡 Spanse (9.7❤)
[12:55:29] [Server thread/INFO]: Teleported Kitty190 to 0.500000, 64.000000, 0.500000
[12:55:29] [Server thread/INFO]: [PlayerKits²] Kit Sword given to Kitty190!
[12:55:29] [Server thread/WARN]: Kitty190 moved too quickly! 214.6553527798164,-3.0,-0.03796649981173905
[12:55:55] [Server thread/INFO]: ☠ Spanse was defeated by 🗡 Kitty190 (3.86❤)
[12:55:56] [Server thread/INFO]: Teleported Spanse to 0.500000, 64.000000, 0.500000
[12:55:56] [Server thread/INFO]: [PlayerKits²] Kit Sword given to Spanse!
[12:56:18] [Server thread/INFO]: ☠ Spanse was defeated by 🗡 Kitty190 (7.51❤)
[12:56:18] [Server thread/INFO]: Teleported Spanse to 0.500000, 64.000000, 0.500000
[12:56:18] [Server thread/INFO]: [PlayerKits²] Kit Sword given to Spanse!
[12:56:35] [User Authenticator #6/INFO]: UUID of player HoagMinhh is 5f4126e2-6131-4048-9cd5-fcf93a26574b
[12:56:35] [TAB Processing Thread/INFO]: [TAB] [WARN] Player HoagMinhh's group (t4) is not in sorting list! Sorting list: owner,admin,mod,helper,builder,vip,default. Player will be sorted on the bottom.
[12:56:35] [Server thread/INFO]: HoagMinhh joined the game
[12:56:35] [Server thread/INFO]: HoagMinhh[/[0:0:0:0:0:0:0:1]:33176] logged in with entity id 13 at ([world]-214.1553527798164, 67.0, 0.537966499811739)
[12:56:42] [Server thread/INFO]: No items were found on player HoagMinhh
[12:56:42] [Server thread/INFO]: [PlayerKits²] Kit Sword given to HoagMinhh!
[12:56:42] [Server thread/INFO]: Teleported HoagMinhh to 0.500000, 64.000000, 0.500000
